<?xml version="1.0" encoding="UTF-8"?>
<!-- Generated by org.testng.reporters.JUnitReportReporter -->
<testsuite skipped="0" hostname="INPUN114042" name="Suite1.TestcaseA1" tests="2" failures="0" timestamp="22 Mar 2017 10:02:50 GMT" time="0.172" errors="0">
  <testcase name="testCaseA1" time="0.109" classname="Suite1.TestcaseA1"/>
  <testcase name="testCaseA1" time="0.063" classname="Suite1.TestcaseA1"/>
</testsuite> <!-- Suite1.TestcaseA1 -->
