<?xml version="1.0" encoding="UTF-8"?>
<!-- Generated by org.testng.reporters.JUnitReportReporter -->
<testsuite skipped="2" hostname="INPUN114042" name="Suite2.TestcaseB3" tests="5" failures="0" timestamp="22 Mar 2017 10:02:50 GMT" time="0.145" errors="0">
  <testcase name="testCaseB3" time="0.031" classname="Suite2.TestcaseB3"/>
  <testcase name="testCaseB3" time="0.047" classname="Suite2.TestcaseB3">
    <skipped/>
  </testcase> <!-- testCaseB3 -->
  <testcase name="testCaseB3" time="0.016" classname="Suite2.TestcaseB3">
    <skipped/>
  </testcase> <!-- testCaseB3 -->
  <testcase name="testCaseB3" time="0.035" classname="Suite2.TestcaseB3"/>
  <testcase name="testCaseB3" time="0.016" classname="Suite2.TestcaseB3"/>
</testsuite> <!-- Suite2.TestcaseB3 -->
