<?xml version="1.0" encoding="UTF-8"?>
<!-- Generated by org.testng.reporters.JUnitReportReporter -->
<testsuite skipped="2" hostname="INPUN114042" name="Suite1.TestcaseA3" tests="5" failures="0" timestamp="22 Mar 2017 10:02:50 GMT" time="0.187" errors="0">
  <testcase name="testCaseA3" time="0.047" classname="Suite1.TestcaseA3"/>
  <testcase name="testCaseA3" time="0.047" classname="Suite1.TestcaseA3">
    <skipped/>
  </testcase> <!-- testCaseA3 -->
  <testcase name="testCaseA3" time="0.031" classname="Suite1.TestcaseA3"/>
  <testcase name="testCaseA3" time="0.031" classname="Suite1.TestcaseA3"/>
  <testcase name="testCaseA3" time="0.031" classname="Suite1.TestcaseA3">
    <skipped/>
  </testcase> <!-- testCaseA3 -->
</testsuite> <!-- Suite1.TestcaseA3 -->
