<?xml version="1.0" encoding="UTF-8"?>
<!-- Generated by org.testng.reporters.JUnitReportReporter -->
<testsuite skipped="0" hostname="INPUN114042" name="rough.TestDataParameterizationHashTable" tests="5" failures="0" timestamp="20 Mar 2017 10:45:41 GMT" time="0.016" errors="0">
  <testcase name="testData" time="0.000" classname="rough.TestDataParameterizationHashTable"/>
  <testcase name="testData" time="0.000" classname="rough.TestDataParameterizationHashTable"/>
  <testcase name="testData" time="0.016" classname="rough.TestDataParameterizationHashTable"/>
  <testcase name="testData" time="0.000" classname="rough.TestDataParameterizationHashTable"/>
  <testcase name="testData" time="0.000" classname="rough.TestDataParameterizationHashTable"/>
</testsuite> <!-- rough.TestDataParameterizationHashTable -->
