<?xml version="1.0" encoding="UTF-8"?>
<!-- Generated by org.testng.reporters.JUnitReportReporter -->
<testsuite skipped="0" hostname="INPUN114042" name="Suite2.TestcaseB1" tests="2" failures="0" timestamp="22 Mar 2017 10:02:50 GMT" time="0.062" errors="0">
  <testcase name="testCaseB1" time="0.031" classname="Suite2.TestcaseB1"/>
  <testcase name="testCaseB1" time="0.031" classname="Suite2.TestcaseB1"/>
</testsuite> <!-- Suite2.TestcaseB1 -->
