<?xml version="1.0" encoding="UTF-8"?>
<!-- Generated by org.testng.reporters.JUnitReportReporter -->
<testsuite skipped="2" hostname="INPUN114042" name="Suite2.TestcaseB2" tests="5" failures="0" timestamp="22 Mar 2017 10:02:50 GMT" time="0.158" errors="0">
  <testcase name="testCaseB2" time="0.016" classname="Suite2.TestcaseB2">
    <skipped/>
  </testcase> <!-- testCaseB2 -->
  <testcase name="testCaseB2" time="0.032" classname="Suite2.TestcaseB2"/>
  <testcase name="testCaseB2" time="0.031" classname="Suite2.TestcaseB2"/>
  <testcase name="testCaseB2" time="0.047" classname="Suite2.TestcaseB2"/>
  <testcase name="testCaseB2" time="0.032" classname="Suite2.TestcaseB2">
    <skipped/>
  </testcase> <!-- testCaseB2 -->
</testsuite> <!-- Suite2.TestcaseB2 -->
