<?xml version="1.0" encoding="UTF-8"?>
<!-- Generated by org.testng.reporters.JUnitReportReporter -->
<testsuite skipped="0" hostname="INPUN114042" name="rough.TestDataParameterization" tests="2" failures="0" timestamp="20 Mar 2017 09:39:06 GMT" time="0.001" errors="0">
  <testcase name="testData" time="0.001" classname="rough.TestDataParameterization"/>
  <testcase name="testData" time="0.000" classname="rough.TestDataParameterization"/>
</testsuite> <!-- rough.TestDataParameterization -->
